1525094131:search:these
1525094131:search:are:dataset/smallDir4/text3.txt
1525094131:search:a:dataset/smallDir4/text1.txt:dataset/smallDir4/text2.txt:dataset/smallDir4/text3.txt:dataset/smallDir4/text4.txt:dataset/smallDir4/text5.txt:dataset/smallDir4/text6.txt
1525094131:search:lot
1525094131:search:of:dataset/smallDir4/text1.txt:dataset/smallDir4/text2.txt:dataset/smallDir4/text3.txt:dataset/smallDir4/text4.txt:dataset/smallDir4/text5.txt:dataset/smallDir4/text6.txt
1525094131:search:different
1525094131:search:words
1525094131:search:not:dataset/smallDir4/text1.txt:dataset/smallDir4/text2.txt:dataset/smallDir4/text3.txt:dataset/smallDir4/text4.txt
1525094143:search:these
1525094143:search:are:dataset/smallDir4/text3.txt
1525094143:search:a:dataset/smallDir4/text1.txt:dataset/smallDir4/text2.txt:dataset/smallDir4/text3.txt:dataset/smallDir4/text4.txt:dataset/smallDir4/text5.txt:dataset/smallDir4/text6.txt
1525094143:search:lot
1525094143:search:of:dataset/smallDir4/text1.txt:dataset/smallDir4/text2.txt:dataset/smallDir4/text3.txt:dataset/smallDir4/text4.txt:dataset/smallDir4/text5.txt:dataset/smallDir4/text6.txt
1525094143:search:different
1525094143:search:words
1525094143:search:not:dataset/smallDir4/text1.txt:dataset/smallDir4/text2.txt:dataset/smallDir4/text3.txt:dataset/smallDir4/text4.txt
1525094149:search:these
1525094149:search:are:dataset/smallDir4/text3.txt
1525094149:search:a:dataset/smallDir4/text1.txt:dataset/smallDir4/text2.txt:dataset/smallDir4/text3.txt:dataset/smallDir4/text4.txt:dataset/smallDir4/text5.txt:dataset/smallDir4/text6.txt
1525094149:search:lot
1525094149:search:of:dataset/smallDir4/text1.txt:dataset/smallDir4/text2.txt:dataset/smallDir4/text3.txt:dataset/smallDir4/text4.txt:dataset/smallDir4/text5.txt:dataset/smallDir4/text6.txt
1525094149:search:different
1525094149:search:words
1525094149:search:not:dataset/smallDir4/text1.txt:dataset/smallDir4/text2.txt:dataset/smallDir4/text3.txt:dataset/smallDir4/text4.txt
1525094155:maxcount:for:dataset/smallDir4/text2.txt:1
1525094160:maxcount:into:dataset/smallDir4/text3.txt:4
1525094168:search:into:dataset/smallDir4/text2.txt:dataset/smallDir4/text3.txt:dataset/smallDir4/text5.txt
