1525094131:search:these
1525094131:search:are
1525094131:search:a:dataset/smallDir7/text1.txt
1525094131:search:lot
1525094131:search:of:dataset/smallDir7/text1.txt
1525094131:search:different
1525094131:search:words
1525094131:search:not:dataset/smallDir7/text1.txt
1525094143:search:these
1525094143:search:are
1525094143:search:a:dataset/smallDir7/text1.txt
1525094143:search:lot
1525094143:search:of:dataset/smallDir7/text1.txt
1525094143:search:different
1525094143:search:words
1525094143:search:not:dataset/smallDir7/text1.txt
1525094149:search:these
1525094149:search:are
1525094149:search:a:dataset/smallDir7/text1.txt
1525094149:search:lot
1525094149:search:of:dataset/smallDir7/text1.txt
1525094149:search:different
1525094149:search:words
1525094149:search:not:dataset/smallDir7/text1.txt
1525094155:maxcount:for
1525094160:maxcount:into
1525094168:search:into
