1525094131:search:these
1525094131:search:are
1525094131:search:a:dataset/smallDir5/text1.txt:dataset/smallDir5/text2.txt
1525094131:search:lot
1525094131:search:of:dataset/smallDir5/text1.txt
1525094131:search:different
1525094131:search:words
1525094131:search:not:dataset/smallDir5/text1.txt
1525094143:search:these
1525094143:search:are
1525094143:search:a:dataset/smallDir5/text1.txt:dataset/smallDir5/text2.txt
1525094143:search:lot
1525094143:search:of:dataset/smallDir5/text1.txt
1525094143:search:different
1525094143:search:words
1525094143:search:not:dataset/smallDir5/text1.txt
1525094149:search:these
1525094149:search:are
1525094149:search:a:dataset/smallDir5/text1.txt:dataset/smallDir5/text2.txt
1525094149:search:lot
1525094149:search:of:dataset/smallDir5/text1.txt
1525094149:search:different
1525094149:search:words
1525094149:search:not:dataset/smallDir5/text1.txt
1525094155:maxcount:for:dataset/smallDir5/text1.txt:1
1525094160:maxcount:into:dataset/smallDir5/text2.txt:1
1525094168:search:into:dataset/smallDir5/text2.txt
